  [1m[35m (165.3ms)[0m  [1m[35mCREATE DATABASE "dating_app_api_development" ENCODING = 'unicode'[0m
  [1m[35m (181.9ms)[0m  [1m[35mCREATE DATABASE "dating_app_api_test" ENCODING = 'unicode'[0m
  [1m[35m (19.1ms)[0m  [1m[35mCREATE TABLE "schema_migrations" ("version" character varying NOT NULL PRIMARY KEY)[0m
  [1m[35m (5.3ms)[0m  [1m[35mCREATE TABLE "ar_internal_metadata" ("key" character varying NOT NULL PRIMARY KEY, "value" character varying, "created_at" timestamp(6) NOT NULL, "updated_at" timestamp(6) NOT NULL)[0m
  [1m[35m (0.7ms)[0m  [1m[34mSELECT pg_try_advisory_lock(1722971123778292395)[0m
  [1m[35m (0.7ms)[0m  [1m[34mSELECT "schema_migrations"."version" FROM "schema_migrations" ORDER BY "schema_migrations"."version" ASC[0m
Migrating to CreateUsers (20200507221317)
  [1m[35m (0.2ms)[0m  [1m[35mBEGIN[0m
  [1m[35m (5.7ms)[0m  [1m[35mCREATE TABLE "users" ("id" bigserial primary key, "name" character varying, "starsign" character varying, "age" integer, "img" character varying, "ltl" boolean, "created_at" timestamp(6) NOT NULL, "updated_at" timestamp(6) NOT NULL)[0m
  [1m[36mprimary::SchemaMigration Create (0.4ms)[0m  [1m[32mINSERT INTO "schema_migrations" ("version") VALUES ($1) RETURNING "version"[0m  [["version", "20200507221317"]]
  [1m[35m (0.3ms)[0m  [1m[35mCOMMIT[0m
  [1m[36mActiveRecord::InternalMetadata Load (0.8ms)[0m  [1m[34mSELECT "ar_internal_metadata".* FROM "ar_internal_metadata" WHERE "ar_internal_metadata"."key" = $1 LIMIT $2[0m  [["key", "environment"], ["LIMIT", 1]]
  [1m[35m (0.2ms)[0m  [1m[35mBEGIN[0m
  [1m[36mActiveRecord::InternalMetadata Create (0.7ms)[0m  [1m[32mINSERT INTO "ar_internal_metadata" ("key", "value", "created_at", "updated_at") VALUES ($1, $2, $3, $4) RETURNING "key"[0m  [["key", "environment"], ["value", "development"], ["created_at", "2020-05-07 22:13:39.193617"], ["updated_at", "2020-05-07 22:13:39.193617"]]
  [1m[35m (0.3ms)[0m  [1m[35mCOMMIT[0m
  [1m[35m (0.3ms)[0m  [1m[34mSELECT pg_advisory_unlock(1722971123778292395)[0m
  [1m[35m (0.9ms)[0m  [1m[34mSELECT "schema_migrations"."version" FROM "schema_migrations" ORDER BY "schema_migrations"."version" ASC[0m
  [1m[35m (0.7ms)[0m  [1m[34mSELECT "schema_migrations"."version" FROM "schema_migrations" ORDER BY "schema_migrations"."version" ASC[0m
  [1m[35m (0.2ms)[0m  [1m[35mBEGIN[0m
  [1m[36mUser Create (1.2ms)[0m  [1m[32mINSERT INTO "users" ("name", "starsign", "age", "img", "ltl", "created_at", "updated_at") VALUES ($1, $2, $3, $4, $5, $6, $7) RETURNING "id"[0m  [["name", "Ryan Gosling"], ["starsign", "Scorpio"], ["age", 35], ["img", "http://coolspotters.com/files/photos/591533/ryan-gosling-large.jpg?1357449177"], ["ltl", true], ["created_at", "2020-05-07 22:14:23.165506"], ["updated_at", "2020-05-07 22:14:23.165506"]]
  [1m[35m (0.4ms)[0m  [1m[35mCOMMIT[0m
  [1m[35m (0.1ms)[0m  [1m[35mBEGIN[0m
  [1m[36mUser Create (0.3ms)[0m  [1m[32mINSERT INTO "users" ("name", "starsign", "age", "img", "ltl", "created_at", "updated_at") VALUES ($1, $2, $3, $4, $5, $6, $7) RETURNING "id"[0m  [["name", " Hypatia of Alexandria  "], ["starsign", "Aries"], ["age", 1700], ["img", "http://static1.squarespace.com/static/53e031f1e4b088c3aac80e47/t/5636ebf1e4b0683b6c56cb43/1446440030277/hypatia.jpg"], ["ltl", true], ["created_at", "2020-05-07 22:14:23.170131"], ["updated_at", "2020-05-07 22:14:23.170131"]]
  [1m[35m (0.4ms)[0m  [1m[35mCOMMIT[0m
  [1m[35m (0.1ms)[0m  [1m[35mBEGIN[0m
  [1m[36mUser Create (0.2ms)[0m  [1m[32mINSERT INTO "users" ("name", "starsign", "age", "img", "ltl", "created_at", "updated_at") VALUES ($1, $2, $3, $4, $5, $6, $7) RETURNING "id"[0m  [["name", "Hogan"], ["starsign", "Libra"], ["age", 40], ["img", "http://myfivebest.com/wp-content/uploads/2010/10/crime_crane.jpg"], ["ltl", true], ["created_at", "2020-05-07 22:14:23.173404"], ["updated_at", "2020-05-07 22:14:23.173404"]]
  [1m[35m (0.4ms)[0m  [1m[35mCOMMIT[0m
  [1m[35m (0.1ms)[0m  [1m[35mBEGIN[0m
  [1m[36mUser Create (0.3ms)[0m  [1m[32mINSERT INTO "users" ("name", "starsign", "age", "img", "ltl", "created_at", "updated_at") VALUES ($1, $2, $3, $4, $5, $6, $7) RETURNING "id"[0m  [["name", "Lumpy Space Princess"], ["starsign", "Virgo"], ["age", 29], ["img", "http://i0.wp.com/www.drawcentral.com/wp-content/uploads/2013/03/Lumpy-Space-Princess.jpg?resize=150%2C150"], ["ltl", true], ["created_at", "2020-05-07 22:14:23.176439"], ["updated_at", "2020-05-07 22:14:23.176439"]]
  [1m[35m (0.4ms)[0m  [1m[35mCOMMIT[0m
  [1m[35m (0.1ms)[0m  [1m[35mBEGIN[0m
  [1m[36mUser Create (0.3ms)[0m  [1m[32mINSERT INTO "users" ("name", "starsign", "age", "img", "ltl", "created_at", "updated_at") VALUES ($1, $2, $3, $4, $5, $6, $7) RETURNING "id"[0m  [["name", "Idris Elba"], ["starsign", "Virgo"], ["age", 43], ["img", "http://www.ramascreen.com/wp-content/uploads/2015/01/Idris-Elba-Luther-150x150.jpg"], ["ltl", true], ["created_at", "2020-05-07 22:14:23.179575"], ["updated_at", "2020-05-07 22:14:23.179575"]]
  [1m[35m (0.3ms)[0m  [1m[35mCOMMIT[0m
  [1m[35m (0.1ms)[0m  [1m[35mBEGIN[0m
  [1m[36mUser Create (0.3ms)[0m  [1m[32mINSERT INTO "users" ("name", "starsign", "age", "img", "ltl", "created_at", "updated_at") VALUES ($1, $2, $3, $4, $5, $6, $7) RETURNING "id"[0m  [["name", "The Trash Heap of Fraggle Rock"], ["starsign", "Taurus"], ["age", 1000], ["img", "http://www.toughpigs.com/wp-content/uploads/2009/12/trasheap-150x150.jpg"], ["ltl", false], ["created_at", "2020-05-07 22:14:23.182818"], ["updated_at", "2020-05-07 22:14:23.182818"]]
  [1m[35m (0.3ms)[0m  [1m[35mCOMMIT[0m
  [1m[35m (0.1ms)[0m  [1m[35mBEGIN[0m
  [1m[36mUser Create (0.3ms)[0m  [1m[32mINSERT INTO "users" ("name", "starsign", "age", "img", "ltl", "created_at", "updated_at") VALUES ($1, $2, $3, $4, $5, $6, $7) RETURNING "id"[0m  [["name", "Guy Guy"], ["starsign", "Gemni"], ["age", 60], ["img", "https://s-media-cache-ak0.pinimg.com/236x/03/d1/53/03d153c14b49a88cab97d58a5bedb6e8.jpg"], ["ltl", false], ["created_at", "2020-05-07 22:14:23.186435"], ["updated_at", "2020-05-07 22:14:23.186435"]]
  [1m[35m (0.3ms)[0m  [1m[35mCOMMIT[0m
  [1m[35m (0.1ms)[0m  [1m[35mBEGIN[0m
  [1m[36mUser Create (0.3ms)[0m  [1m[32mINSERT INTO "users" ("name", "starsign", "age", "img", "ltl", "created_at", "updated_at") VALUES ($1, $2, $3, $4, $5, $6, $7) RETURNING "id"[0m  [["name", "Raisin"], ["starsign", "Gemni"], ["age", 20], ["img", "http://cdn.lifeinthefastlane.com/wp-content/uploads/2010/09/raisin.jpg"], ["ltl", false], ["created_at", "2020-05-07 22:14:23.189713"], ["updated_at", "2020-05-07 22:14:23.189713"]]
  [1m[35m (0.3ms)[0m  [1m[35mCOMMIT[0m
  [1m[35m (0.2ms)[0m  [1m[35mBEGIN[0m
  [1m[36mUser Create (0.3ms)[0m  [1m[32mINSERT INTO "users" ("name", "starsign", "age", "img", "ltl", "created_at", "updated_at") VALUES ($1, $2, $3, $4, $5, $6, $7) RETURNING "id"[0m  [["name", "Jim"], ["starsign", "Leo"], ["age", 49], ["img", "http://www.argylejournal.com/wp-content/uploads/2012/10/Jim-Ellinghausen-e1349993531939-150x150.jpg"], ["ltl", false], ["created_at", "2020-05-07 22:14:23.193124"], ["updated_at", "2020-05-07 22:14:23.193124"]]
  [1m[35m (0.4ms)[0m  [1m[35mCOMMIT[0m
  [1m[35m (0.1ms)[0m  [1m[35mBEGIN[0m
  [1m[36mUser Create (0.2ms)[0m  [1m[32mINSERT INTO "users" ("name", "starsign", "age", "img", "ltl", "created_at", "updated_at") VALUES ($1, $2, $3, $4, $5, $6, $7) RETURNING "id"[0m  [["name", "Muttley"], ["starsign", "Capricorn"], ["age", 2], ["img", "http://gifrific.com/wp-content/uploads/2012/08/Cartoon-Character-Mutley-Laughing-150x150.gif"], ["ltl", true], ["created_at", "2020-05-07 22:14:23.196374"], ["updated_at", "2020-05-07 22:14:23.196374"]]
  [1m[35m (0.3ms)[0m  [1m[35mCOMMIT[0m
  [1m[35m (0.1ms)[0m  [1m[35mBEGIN[0m
  [1m[36mUser Create (0.3ms)[0m  [1m[32mINSERT INTO "users" ("name", "starsign", "age", "img", "ltl", "created_at", "updated_at") VALUES ($1, $2, $3, $4, $5, $6, $7) RETURNING "id"[0m  [["name", "Slimer"], ["starsign", "Pisces"], ["age", 90], ["img", "http://orig13.deviantart.net/ef48/f/2014/309/1/5/slimer_by_bbjeg-d85exys.png"], ["ltl", true], ["created_at", "2020-05-07 22:14:23.199489"], ["updated_at", "2020-05-07 22:14:23.199489"]]
  [1m[35m (0.4ms)[0m  [1m[35mCOMMIT[0m
  [1m[35m (0.1ms)[0m  [1m[35mBEGIN[0m
  [1m[36mUser Create (0.3ms)[0m  [1m[32mINSERT INTO "users" ("name", "starsign", "age", "img", "ltl", "created_at", "updated_at") VALUES ($1, $2, $3, $4, $5, $6, $7) RETURNING "id"[0m  [["name", "Mist"], ["starsign", "Aquarius"], ["age", 340000], ["img", "http://www.kidthesaurus.com/wp-content/uploads/2015/07/mist-150x150.jpg"], ["ltl", true], ["created_at", "2020-05-07 22:14:23.202676"], ["updated_at", "2020-05-07 22:14:23.202676"]]
  [1m[35m (0.3ms)[0m  [1m[35mCOMMIT[0m
  [1m[35m (0.1ms)[0m  [1m[35mBEGIN[0m
  [1m[36mUser Create (0.3ms)[0m  [1m[32mINSERT INTO "users" ("name", "starsign", "age", "img", "ltl", "created_at", "updated_at") VALUES ($1, $2, $3, $4, $5, $6, $7) RETURNING "id"[0m  [["name", "Ching Shih"], ["starsign", "Sagittarius"], ["age", 340000], ["img", "http://treehouseletter.com/wp-content/uploads/2015/04/Ching-Shih-150x150.jpg"], ["ltl", true], ["created_at", "2020-05-07 22:14:23.205922"], ["updated_at", "2020-05-07 22:14:23.205922"]]
  [1m[35m (0.4ms)[0m  [1m[35mCOMMIT[0m
  [1m[35m (0.1ms)[0m  [1m[35mBEGIN[0m
  [1m[36mUser Create (0.2ms)[0m  [1m[32mINSERT INTO "users" ("name", "starsign", "age", "img", "ltl", "created_at", "updated_at") VALUES ($1, $2, $3, $4, $5, $6, $7) RETURNING "id"[0m  [["name", "Galadriel"], ["starsign", "Sagittarius"], ["age", 7045], ["img", "http://nerdbastards.com/wp-content/uploads/2015/12/Galadriel-and-Phial-150x150.jpg"], ["ltl", true], ["created_at", "2020-05-07 22:14:23.209100"], ["updated_at", "2020-05-07 22:14:23.209100"]]
  [1m[35m (0.3ms)[0m  [1m[35mCOMMIT[0m
  [1m[35m (0.1ms)[0m  [1m[35mBEGIN[0m
  [1m[36mUser Create (0.3ms)[0m  [1m[32mINSERT INTO "users" ("name", "starsign", "age", "img", "ltl", "created_at", "updated_at") VALUES ($1, $2, $3, $4, $5, $6, $7) RETURNING "id"[0m  [["name", "Skeletor"], ["starsign", "Cancer"], ["age", 19], ["img", "http://www.shwiggie.com/media/images/skeletor-smirk.jpg"], ["ltl", true], ["created_at", "2020-05-07 22:14:23.212150"], ["updated_at", "2020-05-07 22:14:23.212150"]]
  [1m[35m (0.3ms)[0m  [1m[35mCOMMIT[0m
  [1m[35m (0.1ms)[0m  [1m[35mBEGIN[0m
  [1m[36mUser Create (0.3ms)[0m  [1m[32mINSERT INTO "users" ("name", "starsign", "age", "img", "ltl", "created_at", "updated_at") VALUES ($1, $2, $3, $4, $5, $6, $7) RETURNING "id"[0m  [["name", "Sauron"], ["starsign", "Taurus"], ["age", 198], ["img", "http://ia.media-imdb.com/images/M/MV5BMTc0Njk5NDQwNl5BMl5BanBnXkFtZTYwNTU3NTky._V1_SX150_CR0,0,150,150_.jpg"], ["ltl", false], ["created_at", "2020-05-07 22:14:23.215531"], ["updated_at", "2020-05-07 22:14:23.215531"]]
  [1m[35m (0.3ms)[0m  [1m[35mCOMMIT[0m
Started GET "/" for ::1 at 2020-05-07 15:14:38 -0700
  [1m[35m (0.7ms)[0m  [1m[34mSELECT "schema_migrations"."version" FROM "schema_migrations" ORDER BY "schema_migrations"."version" ASC[0m
Processing by Rails::WelcomeController#index as HTML
  Rendering /Users/marcoriesgo/.rbenv/versions/2.5.5/lib/ruby/gems/2.5.0/gems/railties-6.0.3/lib/rails/templates/rails/welcome/index.html.erb
  Rendered /Users/marcoriesgo/.rbenv/versions/2.5.5/lib/ruby/gems/2.5.0/gems/railties-6.0.3/lib/rails/templates/rails/welcome/index.html.erb (Duration: 7.2ms | Allocations: 484)
Completed 200 OK in 13ms (Views: 10.4ms | ActiveRecord: 0.0ms | Allocations: 2640)


Started GET "/users" for ::1 at 2020-05-07 15:14:41 -0700
Processing by UsersController#index as HTML
  [1m[36mUser Load (2.6ms)[0m  [1m[34mSELECT "users".* FROM "users"[0m
  ↳ app/controllers/users_controller.rb:8:in `index'
Completed 200 OK in 44ms (Views: 30.3ms | ActiveRecord: 10.7ms | Allocations: 10403)


Started GET "/" for ::1 at 2020-05-07 15:27:33 -0700
  [1m[35m (1.9ms)[0m  [1m[34mSELECT "schema_migrations"."version" FROM "schema_migrations" ORDER BY "schema_migrations"."version" ASC[0m
Processing by Rails::WelcomeController#index as HTML
  Rendering /Users/marcoriesgo/.rbenv/versions/2.5.5/lib/ruby/gems/2.5.0/gems/railties-6.0.3/lib/rails/templates/rails/welcome/index.html.erb
  Rendered /Users/marcoriesgo/.rbenv/versions/2.5.5/lib/ruby/gems/2.5.0/gems/railties-6.0.3/lib/rails/templates/rails/welcome/index.html.erb (Duration: 8.0ms | Allocations: 484)
Completed 200 OK in 17ms (Views: 12.7ms | ActiveRecord: 0.0ms | Allocations: 2640)


Started GET "/users" for ::1 at 2020-05-07 15:30:37 -0700
Processing by UsersController#index as */*
  [1m[36mUser Load (1.8ms)[0m  [1m[34mSELECT "users".* FROM "users"[0m
  ↳ app/controllers/users_controller.rb:8:in `index'
Completed 200 OK in 52ms (Views: 34.1ms | ActiveRecord: 13.8ms | Allocations: 10406)


Started GET "/users" for ::1 at 2020-05-07 15:31:18 -0700
Processing by UsersController#index as */*
  [1m[36mUser Load (0.9ms)[0m  [1m[34mSELECT "users".* FROM "users"[0m
  ↳ app/controllers/users_controller.rb:8:in `index'
Completed 200 OK in 7ms (Views: 6.1ms | ActiveRecord: 0.9ms | Allocations: 3520)


