  [1m[35m (356.2ms)[0m  [1m[35mCREATE DATABASE "tweeter_app_api_development" ENCODING = 'unicode'[0m
  [1m[35m (98.0ms)[0m  [1m[35mCREATE DATABASE "tweeter_app_api_test" ENCODING = 'unicode'[0m
  [1m[35m (54.5ms)[0m  [1m[35mCREATE TABLE "schema_migrations" ("version" character varying NOT NULL PRIMARY KEY)[0m
  [1m[35m (6.9ms)[0m  [1m[35mCREATE TABLE "ar_internal_metadata" ("key" character varying NOT NULL PRIMARY KEY, "value" character varying, "created_at" timestamp(6) NOT NULL, "updated_at" timestamp(6) NOT NULL)[0m
  [1m[35m (2.0ms)[0m  [1m[34mSELECT pg_try_advisory_lock(1344325399035759420)[0m
  [1m[35m (0.7ms)[0m  [1m[34mSELECT "schema_migrations"."version" FROM "schema_migrations" ORDER BY "schema_migrations"."version" ASC[0m
Migrating to CreateTweets (20200507211300)
  [1m[35m (2.3ms)[0m  [1m[35mBEGIN[0m
  [1m[35m (9.1ms)[0m  [1m[35mCREATE TABLE "tweets" ("id" bigserial primary key, "title" character varying, "content" text, "author" character varying)[0m
  [1m[36mprimary::SchemaMigration Create (5.6ms)[0m  [1m[32mINSERT INTO "schema_migrations" ("version") VALUES ($1) RETURNING "version"[0m  [["version", "20200507211300"]]
  [1m[35m (0.4ms)[0m  [1m[35mCOMMIT[0m
  [1m[36mActiveRecord::InternalMetadata Load (1.2ms)[0m  [1m[34mSELECT "ar_internal_metadata".* FROM "ar_internal_metadata" WHERE "ar_internal_metadata"."key" = $1 LIMIT $2[0m  [["key", "environment"], ["LIMIT", 1]]
  [1m[35m (0.1ms)[0m  [1m[35mBEGIN[0m
  [1m[36mActiveRecord::InternalMetadata Create (2.3ms)[0m  [1m[32mINSERT INTO "ar_internal_metadata" ("key", "value", "created_at", "updated_at") VALUES ($1, $2, $3, $4) RETURNING "key"[0m  [["key", "environment"], ["value", "development"], ["created_at", "2020-05-07 21:15:13.077345"], ["updated_at", "2020-05-07 21:15:13.077345"]]
  [1m[35m (0.4ms)[0m  [1m[35mCOMMIT[0m
  [1m[35m (0.3ms)[0m  [1m[34mSELECT pg_advisory_unlock(1344325399035759420)[0m
  [1m[35m (1.7ms)[0m  [1m[34mSELECT "schema_migrations"."version" FROM "schema_migrations" ORDER BY "schema_migrations"."version" ASC[0m
  [1m[35m (0.9ms)[0m  [1m[34mSELECT "schema_migrations"."version" FROM "schema_migrations" ORDER BY "schema_migrations"."version" ASC[0m
  [1m[35m (0.2ms)[0m  [1m[35mBEGIN[0m
  [1m[36mTweet Create (0.9ms)[0m  [1m[32mINSERT INTO "tweets" ("title", "content", "author") VALUES ($1, $2, $3) RETURNING "id"[0m  [["title", "Just found this"], ["content", "the square of the hypotenuse is equal to the sum of the squares of the other two sides"], ["author", "Pythagoras570"]]
  [1m[35m (0.4ms)[0m  [1m[35mCOMMIT[0m
  [1m[35m (0.1ms)[0m  [1m[35mBEGIN[0m
  [1m[36mTweet Create (0.3ms)[0m  [1m[32mINSERT INTO "tweets" ("title", "content", "author") VALUES ($1, $2, $3) RETURNING "id"[0m  [["title", "I'm walkin' here"], ["content", "Hey, I'm walkin' here!"], ["author", "Nicky62"]]
  [1m[35m (0.3ms)[0m  [1m[35mCOMMIT[0m
  [1m[36mTweet Load (0.4ms)[0m  [1m[34mSELECT "tweets".* FROM "tweets" LIMIT $1[0m  [["LIMIT", 11]]
