  [1m[35m (350.8ms)[0m  [1m[35mCREATE DATABASE "products_reviews_app_api_development" ENCODING = 'unicode'[0m
  [1m[35m (202.1ms)[0m  [1m[35mCREATE DATABASE "products_reviews_app_api_test" ENCODING = 'unicode'[0m
  [1m[35m (5.1ms)[0m  [1m[35mCREATE TABLE "schema_migrations" ("version" character varying NOT NULL PRIMARY KEY)[0m
  [1m[35m (5.7ms)[0m  [1m[35mCREATE TABLE "ar_internal_metadata" ("key" character varying NOT NULL PRIMARY KEY, "value" character varying, "created_at" timestamp(6) NOT NULL, "updated_at" timestamp(6) NOT NULL)[0m
  [1m[35m (0.3ms)[0m  [1m[34mSELECT pg_try_advisory_lock(2521839031379147655)[0m
  [1m[35m (0.5ms)[0m  [1m[34mSELECT "schema_migrations"."version" FROM "schema_migrations" ORDER BY "schema_migrations"."version" ASC[0m
Migrating to CreateProducts (20200511043100)
  [1m[35m (0.1ms)[0m  [1m[35mBEGIN[0m
  [1m[35m (5.6ms)[0m  [1m[35mCREATE TABLE "products" ("id" bigserial primary key, "name" character varying, "price" integer, "img" character varying, "created_at" timestamp(6) NOT NULL, "updated_at" timestamp(6) NOT NULL)[0m
  [1m[36mprimary::SchemaMigration Create (0.5ms)[0m  [1m[32mINSERT INTO "schema_migrations" ("version") VALUES ($1) RETURNING "version"[0m  [["version", "20200511043100"]]
  [1m[35m (0.3ms)[0m  [1m[35mCOMMIT[0m
  [1m[36mActiveRecord::InternalMetadata Load (0.6ms)[0m  [1m[34mSELECT "ar_internal_metadata".* FROM "ar_internal_metadata" WHERE "ar_internal_metadata"."key" = $1 LIMIT $2[0m  [["key", "environment"], ["LIMIT", 1]]
  [1m[35m (0.2ms)[0m  [1m[35mBEGIN[0m
  [1m[36mActiveRecord::InternalMetadata Create (0.5ms)[0m  [1m[32mINSERT INTO "ar_internal_metadata" ("key", "value", "created_at", "updated_at") VALUES ($1, $2, $3, $4) RETURNING "key"[0m  [["key", "environment"], ["value", "development"], ["created_at", "2020-05-11 04:31:35.544480"], ["updated_at", "2020-05-11 04:31:35.544480"]]
  [1m[35m (0.3ms)[0m  [1m[35mCOMMIT[0m
  [1m[35m (0.3ms)[0m  [1m[34mSELECT pg_advisory_unlock(2521839031379147655)[0m
  [1m[35m (0.9ms)[0m  [1m[34mSELECT "schema_migrations"."version" FROM "schema_migrations" ORDER BY "schema_migrations"."version" ASC[0m
  [1m[35m (0.7ms)[0m  [1m[34mSELECT "schema_migrations"."version" FROM "schema_migrations" ORDER BY "schema_migrations"."version" ASC[0m
  [1m[35m (0.1ms)[0m  [1m[35mBEGIN[0m
  [1m[36mProduct Create (1.0ms)[0m  [1m[32mINSERT INTO "products" ("name", "price", "img", "created_at", "updated_at") VALUES ($1, $2, $3, $4, $5) RETURNING "id"[0m  [["name", "Car"], ["price", 20000], ["img", "http://www.gowithgo.net/wp-content/uploads/2011/07/Flintstone_Mobile-150x150.jpg"], ["created_at", "2020-05-11 04:31:57.569695"], ["updated_at", "2020-05-11 04:31:57.569695"]]
  [1m[35m (0.8ms)[0m  [1m[35mCOMMIT[0m
  [1m[35m (0.1ms)[0m  [1m[35mBEGIN[0m
  [1m[36mProduct Create (0.5ms)[0m  [1m[32mINSERT INTO "products" ("name", "price", "img", "created_at", "updated_at") VALUES ($1, $2, $3, $4, $5) RETURNING "id"[0m  [["name", "Cat"], ["price", 100], ["img", "http://animagehub.com/wp-content/uploads/2016/10/Pink-panther-vector-5-150x150.jpg"], ["created_at", "2020-05-11 04:31:57.574661"], ["updated_at", "2020-05-11 04:31:57.574661"]]
  [1m[35m (0.4ms)[0m  [1m[35mCOMMIT[0m
  [1m[35m (0.2ms)[0m  [1m[35mBEGIN[0m
  [1m[36mProduct Create (0.3ms)[0m  [1m[32mINSERT INTO "products" ("name", "price", "img", "created_at", "updated_at") VALUES ($1, $2, $3, $4, $5) RETURNING "id"[0m  [["name", "Crab"], ["price", 2], ["img", "http://scontent.cdninstagram.com/t51.2885-19/s150x150/13402342_1111471978911960_1380878568_a.jpg"], ["created_at", "2020-05-11 04:31:57.581790"], ["updated_at", "2020-05-11 04:31:57.581790"]]
  [1m[35m (0.3ms)[0m  [1m[35mCOMMIT[0m
  [1m[35m (0.1ms)[0m  [1m[35mBEGIN[0m
  [1m[36mProduct Create (0.3ms)[0m  [1m[32mINSERT INTO "products" ("name", "price", "img", "created_at", "updated_at") VALUES ($1, $2, $3, $4, $5) RETURNING "id"[0m  [["name", "Crib"], ["price", 200], ["img", "https://s-media-cache-ak0.pinimg.com/originals/99/29/ee/9929eef9086e07bd7e50102bc37ff3a8.jpg"], ["created_at", "2020-05-11 04:31:57.585152"], ["updated_at", "2020-05-11 04:31:57.585152"]]
  [1m[35m (0.3ms)[0m  [1m[35mCOMMIT[0m
  [1m[35m (0.1ms)[0m  [1m[35mBEGIN[0m
  [1m[36mProduct Create (0.2ms)[0m  [1m[32mINSERT INTO "products" ("name", "price", "img", "created_at", "updated_at") VALUES ($1, $2, $3, $4, $5) RETURNING "id"[0m  [["name", "Coat"], ["price", 200], ["img", "http://cooljunkyouneed.com/4548/uploads/2014/02/Workaholics-Bear-Coat-150x150.jpg"], ["created_at", "2020-05-11 04:31:57.588439"], ["updated_at", "2020-05-11 04:31:57.588439"]]
  [1m[35m (0.3ms)[0m  [1m[35mCOMMIT[0m
  [1m[35m (0.2ms)[0m  [1m[35mBEGIN[0m
  [1m[36mProduct Create (0.2ms)[0m  [1m[32mINSERT INTO "products" ("name", "price", "img", "created_at", "updated_at") VALUES ($1, $2, $3, $4, $5) RETURNING "id"[0m  [["name", "Cake"], ["price", 3], ["img", "http://scontent.cdninstagram.com/t51.2885-19/s150x150/11356601_447610668772561_439752401_a.jpg"], ["created_at", "2020-05-11 04:31:57.591521"], ["updated_at", "2020-05-11 04:31:57.591521"]]
  [1m[35m (0.4ms)[0m  [1m[35mCOMMIT[0m
  [1m[35m (0.1ms)[0m  [1m[35mBEGIN[0m
  [1m[36mProduct Create (0.2ms)[0m  [1m[32mINSERT INTO "products" ("name", "price", "img", "created_at", "updated_at") VALUES ($1, $2, $3, $4, $5) RETURNING "id"[0m  [["name", "Concussion"], ["price", 0], ["img", "http://youngmenshealthsite.org/wp-content/uploads/2015/05/concussion1-150x150.jpg"], ["created_at", "2020-05-11 04:31:57.594622"], ["updated_at", "2020-05-11 04:31:57.594622"]]
  [1m[35m (0.3ms)[0m  [1m[35mCOMMIT[0m
  [1m[35m (0.1ms)[0m  [1m[35mBEGIN[0m
  [1m[36mProduct Create (0.2ms)[0m  [1m[32mINSERT INTO "products" ("name", "price", "img", "created_at", "updated_at") VALUES ($1, $2, $3, $4, $5) RETURNING "id"[0m  [["name", "Coal"], ["price", 1], ["img", "http://www.whitecatpublications.com/wp-content/uploads/2010/12/lump-of-coal-150x150.jpg"], ["created_at", "2020-05-11 04:31:57.597663"], ["updated_at", "2020-05-11 04:31:57.597663"]]
  [1m[35m (0.3ms)[0m  [1m[35mCOMMIT[0m
  [1m[35m (0.1ms)[0m  [1m[35mBEGIN[0m
  [1m[36mProduct Create (0.3ms)[0m  [1m[32mINSERT INTO "products" ("name", "price", "img", "created_at", "updated_at") VALUES ($1, $2, $3, $4, $5) RETURNING "id"[0m  [["name", "Cyclone"], ["price", 70000], ["img", "https://upload.wikimedia.org/wikipedia/commons/thumb/4/47/Cyclone_Mala.JPG/150px-Cyclone_Mala.JPG"], ["created_at", "2020-05-11 04:31:57.600637"], ["updated_at", "2020-05-11 04:31:57.600637"]]
  [1m[35m (0.3ms)[0m  [1m[35mCOMMIT[0m
  [1m[35m (0.1ms)[0m  [1m[35mBEGIN[0m
  [1m[36mProduct Create (0.3ms)[0m  [1m[32mINSERT INTO "products" ("name", "price", "img", "created_at", "updated_at") VALUES ($1, $2, $3, $4, $5) RETURNING "id"[0m  [["name", "Career"], ["price", 13500], ["img", "http://waterfordwhispersnews.com/wp-content/uploads/2014/10/happy-worker-e1412334561186-150x150.jpg"], ["created_at", "2020-05-11 04:31:57.603594"], ["updated_at", "2020-05-11 04:31:57.603594"]]
  [1m[35m (0.3ms)[0m  [1m[35mCOMMIT[0m
  [1m[35m (0.1ms)[0m  [1m[35mBEGIN[0m
  [1m[36mProduct Create (0.3ms)[0m  [1m[32mINSERT INTO "products" ("name", "price", "img", "created_at", "updated_at") VALUES ($1, $2, $3, $4, $5) RETURNING "id"[0m  [["name", "Cillian Murphy"], ["price", 400], ["img", "http://static.buzznet.com/uploads/2012/03/msg-133176055505-150x150.jpg"], ["created_at", "2020-05-11 04:31:57.606640"], ["updated_at", "2020-05-11 04:31:57.606640"]]
  [1m[35m (0.3ms)[0m  [1m[35mCOMMIT[0m
  [1m[35m (0.1ms)[0m  [1m[35mBEGIN[0m
  [1m[36mProduct Create (0.3ms)[0m  [1m[32mINSERT INTO "products" ("name", "price", "img", "created_at", "updated_at") VALUES ($1, $2, $3, $4, $5) RETURNING "id"[0m  [["name", "Climate Change"], ["price", 9], ["img", "http://scitechdaily.com/images/Detailed-Global-Climate-Change-Projections-150x150.jpg"], ["created_at", "2020-05-11 04:31:57.609742"], ["updated_at", "2020-05-11 04:31:57.609742"]]
  [1m[35m (0.4ms)[0m  [1m[35mCOMMIT[0m
  [1m[35m (0.2ms)[0m  [1m[34mSELECT pg_try_advisory_lock(2521839031379147655)[0m
  [1m[35m (1.0ms)[0m  [1m[34mSELECT "schema_migrations"."version" FROM "schema_migrations" ORDER BY "schema_migrations"."version" ASC[0m
Migrating to CreateReviews (20200511043518)
  [1m[35m (0.1ms)[0m  [1m[35mBEGIN[0m
  [1m[35m (10.8ms)[0m  [1m[35mCREATE TABLE "reviews" ("id" bigserial primary key, "title" character varying, "content" character varying, "author" character varying, "created_at" timestamp(6) NOT NULL, "updated_at" timestamp(6) NOT NULL)[0m
  [1m[36mprimary::SchemaMigration Create (0.5ms)[0m  [1m[32mINSERT INTO "schema_migrations" ("version") VALUES ($1) RETURNING "version"[0m  [["version", "20200511043518"]]
  [1m[35m (0.4ms)[0m  [1m[35mCOMMIT[0m
Migrating to AddProductIdToReviews (20200511043825)
  [1m[35m (0.3ms)[0m  [1m[35mBEGIN[0m
  [1m[35m (0.4ms)[0m  [1m[35mALTER TABLE "reviews" ADD "product_id" integer[0m
  [1m[36mprimary::SchemaMigration Create (0.2ms)[0m  [1m[32mINSERT INTO "schema_migrations" ("version") VALUES ($1) RETURNING "version"[0m  [["version", "20200511043825"]]
  [1m[35m (0.3ms)[0m  [1m[35mCOMMIT[0m
  [1m[36mActiveRecord::InternalMetadata Load (0.3ms)[0m  [1m[34mSELECT "ar_internal_metadata".* FROM "ar_internal_metadata" WHERE "ar_internal_metadata"."key" = $1 LIMIT $2[0m  [["key", "environment"], ["LIMIT", 1]]
  [1m[35m (0.3ms)[0m  [1m[34mSELECT pg_advisory_unlock(2521839031379147655)[0m
  [1m[35m (0.8ms)[0m  [1m[34mSELECT "schema_migrations"."version" FROM "schema_migrations" ORDER BY "schema_migrations"."version" ASC[0m
  [1m[36mProduct Load (1.4ms)[0m  [1m[34mSELECT "products".* FROM "products" WHERE "products"."id" = $1 LIMIT $2[0m  [["id", 1], ["LIMIT", 1]]
  [1m[36mReview Load (0.4ms)[0m  [1m[34mSELECT "reviews".* FROM "reviews" WHERE "reviews"."product_id" = $1 LIMIT $2[0m  [["product_id", 1], ["LIMIT", 11]]
  [1m[36mProduct Load (0.6ms)[0m  [1m[34mSELECT "products".* FROM "products" WHERE "products"."id" = $1 LIMIT $2[0m  [["id", 1], ["LIMIT", 1]]
  [1m[35m (0.2ms)[0m  [1m[35mBEGIN[0m
  [1m[36mReview Create (1.1ms)[0m  [1m[32mINSERT INTO "reviews" ("title", "content", "author", "created_at", "updated_at", "product_id") VALUES ($1, $2, $3, $4, $5, $6) RETURNING "id"[0m  [["title", "first review"], ["content", "not a bad product"], ["author", "Terminator 2"], ["created_at", "2020-05-11 04:49:28.915545"], ["updated_at", "2020-05-11 04:49:28.915545"], ["product_id", 1]]
  [1m[35m (0.7ms)[0m  [1m[35mCOMMIT[0m
  [1m[36mProduct Load (0.4ms)[0m  [1m[34mSELECT "products".* FROM "products" WHERE "products"."id" = $1 LIMIT $2[0m  [["id", 1], ["LIMIT", 1]]
  [1m[35m (0.1ms)[0m  [1m[35mBEGIN[0m
  [1m[36mReview Create (0.3ms)[0m  [1m[32mINSERT INTO "reviews" ("title", "author", "created_at", "updated_at", "product_id") VALUES ($1, $2, $3, $4, $5) RETURNING "id"[0m  [["title", "middling product I'd say"], ["author", "Chingy Right Thurr"], ["created_at", "2020-05-11 04:49:32.979435"], ["updated_at", "2020-05-11 04:49:32.979435"], ["product_id", 1]]
  [1m[35m (0.5ms)[0m  [1m[35mCOMMIT[0m
  [1m[36mProduct Load (1.0ms)[0m  [1m[34mSELECT "products".* FROM "products" WHERE "products"."id" = $1 LIMIT $2[0m  [["id", 1], ["LIMIT", 1]]
  [1m[36mReview Load (0.5ms)[0m  [1m[34mSELECT "reviews".* FROM "reviews" WHERE "reviews"."product_id" = $1 LIMIT $2[0m  [["product_id", 1], ["LIMIT", 11]]
  [1m[36mReview Load (0.8ms)[0m  [1m[34mSELECT "reviews".* FROM "reviews" WHERE "reviews"."product_id" = $1 LIMIT $2[0m  [["product_id", 1], ["LIMIT", 11]]
Started GET "/" for ::1 at 2020-05-10 22:00:00 -0700
  [1m[35m (1.0ms)[0m  [1m[34mSELECT "schema_migrations"."version" FROM "schema_migrations" ORDER BY "schema_migrations"."version" ASC[0m
Processing by Rails::WelcomeController#index as HTML
  Rendering /Users/marcoriesgo/.rbenv/versions/2.5.5/lib/ruby/gems/2.5.0/gems/railties-6.0.3/lib/rails/templates/rails/welcome/index.html.erb
  Rendered /Users/marcoriesgo/.rbenv/versions/2.5.5/lib/ruby/gems/2.5.0/gems/railties-6.0.3/lib/rails/templates/rails/welcome/index.html.erb (Duration: 6.9ms | Allocations: 484)
Completed 200 OK in 13ms (Views: 9.9ms | ActiveRecord: 0.0ms | Allocations: 2640)


Started GET "/products" for ::1 at 2020-05-10 22:00:03 -0700
Processing by ProductsController#index as HTML
  [1m[36mProduct Load (0.8ms)[0m  [1m[34mSELECT "products".* FROM "products"[0m
  ↳ app/controllers/products_controller.rb:8:in `index'
Completed 200 OK in 33ms (Views: 20.0ms | ActiveRecord: 6.9ms | Allocations: 8964)


Started GET "/products/1/reviews" for ::1 at 2020-05-10 22:00:11 -0700
Processing by ReviewsController#index as HTML
  Parameters: {"product_id"=>"1"}
  [1m[36mReview Load (0.6ms)[0m  [1m[34mSELECT "reviews".* FROM "reviews" WHERE "reviews"."product_id" = $1[0m  [["product_id", 1]]
  ↳ app/controllers/reviews_controller.rb:8:in `index'
Completed 200 OK in 27ms (Views: 12.9ms | ActiveRecord: 7.6ms | Allocations: 8248)


Started GET "/products/1" for ::1 at 2020-05-10 22:00:22 -0700
Processing by ProductsController#show as HTML
  Parameters: {"id"=>"1"}
  [1m[36mProduct Load (0.3ms)[0m  [1m[34mSELECT "products".* FROM "products" WHERE "products"."id" = $1 LIMIT $2[0m  [["id", 1], ["LIMIT", 1]]
  ↳ app/controllers/products_controller.rb:13:in `show'
Completed 200 OK in 3ms (Views: 0.5ms | ActiveRecord: 0.3ms | Allocations: 917)


